1*****************************************************************************
 *                                                                           *
 *       DATE 11/29/21               LOG OF 95 INTEL LINUX NASTRAN JOB       *
 *                                                                           *
 *****************************************************************************

   WALL               TOTAL       INCREMENTAL      MODULE              MODULE/
   CLOCK               CPU            CPU            CPU             SUBROUTINE
   TIME              SECONDS        SECONDS        SECONDS             STATUS

 ------------------------------------------------------------------------------

 17:10:21.552         0.002          0.000                    SEM1  BEGN
 17:10:21.561         0.005          0.003                    GNFI
 17:10:21.562         0.006          0.000                    TTIO
 17:10:21.574         0.008          0.002                    TTLP
 17:10:21.577         0.008          0.000                    XCSA
1     STATISTICS ON IN-MEMORY DATA BASE AND DISK I/O USAGE

         LENGTH (IN WORDS) OF OPEN CORE ALLOCATED                  14000000
         LENGTH (IN WORDS) OF IN-MEMORY DATA BASE ALLOCATED       386000000
         NUMBER OF BLOCKS USED IN THE IN-MEMORY DATA BASE                42
         NUMBER OF BLOCKS ALLOCATED FOR THE IN-MEMORY DATA           375121
         PERCENTAGE OF IN-MEMORY DATA USED                                0%
         TOTAL BLOCKS WRITTEN TO DISK                              20000000
         BLOCK SIZE (IN WORDS)                                         1024
         NUMBER OF OPENS TO DISK FILES                                    0
         NUMBER OF CLOSES TO DISK FILES                                   0
         NUMBER OF WRITES TO DISK FILES                                   0
         NUMBER OF READS FROM DISK FILES                                  0
         MEMORY (IN WORDS) NOT USED BY IN-MEM. DATA BASE          387456607
